[2025-04-30 18:50:29] [info]  [16804] Apache Commons Daemon procrun (1.4.1.0 32-bit) started.
[2025-04-30 18:50:29] [info]  [16804] Running Service 'PrintServer'...
[2025-04-30 18:50:29] [info]  [ 9408] Starting service...
[2025-04-30 18:50:29] [info]  [ 9408] Service started in 15 milliseconds.
[2025-04-30 18:50:29] [info]  [16804] Run service finished.
[2025-04-30 18:50:29] [info]  [16804] Apache Commons Daemon procrun finished.
[2025-04-30 18:50:42] [info]  [ 6720] Apache Commons Daemon procrun (1.4.1.0 32-bit) started.
[2025-04-30 18:50:42] [info]  [ 6720] Running Service 'PrintServer'...
[2025-04-30 18:50:42] [info]  [ 8816] Starting service...
[2025-04-30 18:50:42] [info]  [ 8816] Service started in 0 milliseconds.
[2025-04-30 18:50:42] [info]  [ 6720] Run service finished.
[2025-04-30 18:50:42] [info]  [ 6720] Apache Commons Daemon procrun finished.
[2025-04-30 18:50:45] [info]  [18132] Apache Commons Daemon procrun (1.4.1.0 32-bit) started.
[2025-04-30 18:50:45] [info]  [18132] Running Service 'PrintServer'...
[2025-04-30 18:50:45] [info]  [ 3136] Starting service...
[2025-04-30 18:50:45] [info]  [ 3136] Service started in 13 milliseconds.
[2025-04-30 18:50:45] [info]  [18132] Run service finished.
[2025-04-30 18:50:45] [info]  [18132] Apache Commons Daemon procrun finished.
[2025-04-30 18:56:10] [info]  [13928] Apache Commons Daemon procrun (1.4.1.0 32-bit) started.
[2025-04-30 18:56:10] [info]  [13928] Running Service 'PrintServer'...
[2025-04-30 18:56:10] [info]  [16896] Starting service...
[2025-04-30 18:56:10] [info]  [16896] Service started in 14 milliseconds.
[2025-04-30 18:56:10] [info]  [13928] Run service finished.
[2025-04-30 18:56:10] [info]  [13928] Apache Commons Daemon procrun finished.
[2025-04-30 19:05:30] [info]  [17000] Apache Commons Daemon procrun (1.4.1.0 32-bit) started.
[2025-04-30 19:05:30] [info]  [17000] Running Service 'PrintServer'...
[2025-04-30 19:05:30] [info]  [10928] Starting service...
[2025-04-30 19:05:30] [info]  [10928] Service started in 85 milliseconds.
[2025-04-30 19:06:27] [info]  [17000] Service SERVICE_CONTROL_STOP signalled.
[2025-04-30 19:06:27] [info]  [  704] Stopping service...
[2025-04-30 19:06:50] [info]  [  704] Service stop thread completed.
[2025-04-30 19:06:50] [info]  [17000] Run service finished.
[2025-04-30 19:06:50] [info]  [17000] Apache Commons Daemon procrun finished.
[2025-04-30 19:08:31] [info]  [ 2960] Apache Commons Daemon procrun (1.4.1.0 32-bit) started.
[2025-04-30 19:08:31] [info]  [ 2960] Running Service 'PrintServer'...
[2025-04-30 19:08:31] [info]  [ 7444] Starting service...
[2025-04-30 19:08:31] [info]  [ 7444] Service started in 102 milliseconds.
[2025-04-30 19:08:45] [info]  [ 2960] Service SERVICE_CONTROL_STOP signalled.
[2025-04-30 19:08:45] [info]  [18124] Stopping service...
[2025-04-30 19:09:05] [info]  [18124] Service stop thread completed.
[2025-04-30 19:09:05] [info]  [ 2960] Run service finished.
[2025-04-30 19:09:05] [info]  [ 2960] Apache Commons Daemon procrun finished.
[2025-04-30 19:09:46] [info]  [13184] Apache Commons Daemon procrun (1.4.1.0 32-bit) started.
[2025-04-30 19:09:46] [info]  [13184] Running Service 'PrintServer'...
[2025-04-30 19:09:46] [info]  [ 6696] Starting service...
[2025-04-30 19:09:46] [info]  [ 6696] Service started in 7 milliseconds.
[2025-04-30 19:10:08] [info]  [13184] Service SERVICE_CONTROL_STOP signalled.
[2025-04-30 19:10:08] [info]  [11396] Stopping service...
[2025-04-30 19:10:56] [info]  [11396] Service stop thread completed.
[2025-04-30 19:10:56] [info]  [13184] Run service finished.
[2025-04-30 19:10:56] [info]  [13184] Apache Commons Daemon procrun finished.
[2025-04-30 19:15:02] [info]  [15392] Apache Commons Daemon procrun (1.4.1.0 32-bit) started.
[2025-04-30 19:15:02] [info]  [15392] Running Service 'PrintServer'...
[2025-04-30 19:15:03] [info]  [ 3872] Starting service...
[2025-04-30 19:15:03] [info]  [ 3872] Service started in 73 milliseconds.
[2025-04-30 19:15:25] [info]  [15392] Service SERVICE_CONTROL_STOP signalled.
[2025-04-30 19:15:25] [info]  [17224] Stopping service...
[2025-04-30 19:17:05] [info]  [17224] Service stop thread completed.
[2025-04-30 19:17:05] [info]  [15392] Run service finished.
[2025-04-30 19:17:05] [info]  [15392] Apache Commons Daemon procrun finished.
[2025-04-30 19:19:15] [info]  [16044] Apache Commons Daemon procrun (1.4.1.0 32-bit) started.
[2025-04-30 19:19:15] [info]  [16044] Running Service 'PrintServer'...
[2025-04-30 19:19:15] [info]  [10236] Starting service...
[2025-04-30 19:19:15] [info]  [10236] Service started in 78 milliseconds.
[2025-04-30 19:19:36] [info]  [16044] Service SERVICE_CONTROL_STOP signalled.
[2025-04-30 19:19:36] [info]  [17396] Stopping service...
[2025-04-30 19:24:02] [info]  [17396] Service stop thread completed.
[2025-04-30 19:24:02] [info]  [16044] Run service finished.
[2025-04-30 19:24:02] [info]  [16044] Apache Commons Daemon procrun finished.
[2025-04-30 19:24:28] [info]  [12904] Apache Commons Daemon procrun (1.4.1.0 32-bit) started.
[2025-04-30 19:24:28] [info]  [12904] Running Service 'PrintServer'...
[2025-04-30 19:24:28] [info]  [ 3336] Starting service...
[2025-04-30 19:24:28] [info]  [ 3336] Service started in 11 milliseconds.
[2025-04-30 19:24:40] [info]  [12904] Service SERVICE_CONTROL_STOP signalled.
[2025-04-30 19:24:40] [info]  [ 8284] Stopping service...
[2025-04-30 19:26:58] [info]  [ 8284] Service stop thread completed.
[2025-04-30 19:26:58] [info]  [12904] Run service finished.
[2025-04-30 19:26:58] [info]  [12904] Apache Commons Daemon procrun finished.
[2025-04-30 19:28:51] [info]  [ 4544] Apache Commons Daemon procrun (1.4.1.0 32-bit) started.
[2025-04-30 19:28:51] [info]  [ 4544] Running Service 'PrintServer'...
[2025-04-30 19:28:51] [info]  [ 8860] Starting service...
[2025-04-30 19:28:51] [info]  [ 8860] Service started in 0 milliseconds.
[2025-04-30 19:29:46] [info]  [ 4544] Service SERVICE_CONTROL_STOP signalled.
[2025-04-30 19:29:46] [info]  [13068] Stopping service...
[2025-04-30 19:29:46] [error] [13068] Failed executing process.
[2025-04-30 19:29:46] [error] [13068] El nombre del directorio no es válido.
[2025-04-30 19:37:17] [info]  [13068] Service stop thread completed.
[2025-04-30 19:37:17] [info]  [ 4544] Run service finished.
[2025-04-30 19:37:17] [info]  [ 4544] Apache Commons Daemon procrun finished.
[2025-04-30 19:39:39] [info]  [13352] Apache Commons Daemon procrun (1.4.1.0 32-bit) started.
[2025-04-30 19:39:39] [info]  [13352] Running Service 'PrintServer'...
[2025-04-30 19:39:39] [info]  [ 4548] Starting service...
[2025-04-30 19:39:39] [info]  [ 4548] Service started in 64 milliseconds.
[2025-04-30 19:40:00] [info]  [13352] Service SERVICE_CONTROL_STOP signalled.
[2025-04-30 19:40:00] [info]  [ 4248] Stopping service...
[2025-04-30 19:40:00] [error] [ 4248] Failed executing process.
[2025-04-30 19:40:00] [error] [ 4248] El nombre del directorio no es válido.
[2025-04-30 19:40:33] [info]  [ 4248] Service stop thread completed.
[2025-04-30 19:40:33] [info]  [13352] Run service finished.
[2025-04-30 19:40:33] [info]  [13352] Apache Commons Daemon procrun finished.
